2022-11-04 12:06:38.839 main E/wse: Exception in thread "main" 
2022-11-04 12:06:38.840 main E/wse: com.mysql.cj.jdbc.exceptions.CommunicationsException: Communications link failure

The last packet sent successfully to the server was 0 milliseconds ago. The driver has not received any packets from the server.
2022-11-04 12:06:38.841 main E/wse: 	at com.mysql.cj.jdbc.exceptions.SQLError.createCommunicationsException(SQLError.java:174)
2022-11-04 12:06:38.841 main E/wse: 	at com.mysql.cj.jdbc.exceptions.SQLExceptionsMapping.translateException(SQLExceptionsMapping.java:64)
2022-11-04 12:06:38.841 main E/wse: 	at com.mysql.cj.jdbc.ConnectionImpl.createNewIO(ConnectionImpl.java:836)
2022-11-04 12:06:38.842 main E/wse: 	at com.mysql.cj.jdbc.ConnectionImpl.<init>(ConnectionImpl.java:456)
2022-11-04 12:06:38.843 main E/wse: 	at com.mysql.cj.jdbc.ConnectionImpl.getInstance(ConnectionImpl.java:246)
2022-11-04 12:06:38.844 main E/wse: 	at com.mysql.cj.jdbc.NonRegisteringDriver.connect(NonRegisteringDriver.java:197)
2022-11-04 12:06:38.844 main E/wse: 	at java.sql/java.sql.DriverManager.getConnection(DriverManager.java:677)
2022-11-04 12:06:38.845 main E/wse: 	at java.sql/java.sql.DriverManager.getConnection(DriverManager.java:251)
2022-11-04 12:06:38.845 main E/wse: 	at db.SQL_connection.<init>(SQL_connection.java:22)
2022-11-04 12:06:38.846 main E/wse: 	at server.WC_server.main(WC_server.java:22)
2022-11-04 12:06:38.847 main E/wse: Caused by: com.mysql.cj.exceptions.CJCommunicationsException: Communications link failure

The last packet sent successfully to the server was 0 milliseconds ago. The driver has not received any packets from the server.
2022-11-04 12:06:38.848 main E/wse: 	at java.base/jdk.internal.reflect.NativeConstructorAccessorImpl.newInstance0(Native Method)
2022-11-04 12:06:38.848 main E/wse: 	at java.base/jdk.internal.reflect.NativeConstructorAccessorImpl.newInstance(NativeConstructorAccessorImpl.java:62)
2022-11-04 12:06:38.849 main E/wse: 	at java.base/jdk.internal.reflect.DelegatingConstructorAccessorImpl.newInstance(DelegatingConstructorAccessorImpl.java:45)
2022-11-04 12:06:38.849 main E/wse: 	at java.base/java.lang.reflect.Constructor.newInstance(Constructor.java:490)
2022-11-04 12:06:38.850 main E/wse: 	at com.mysql.cj.exceptions.ExceptionFactory.createException(ExceptionFactory.java:61)
2022-11-04 12:06:38.850 main E/wse: 	at com.mysql.cj.exceptions.ExceptionFactory.createException(ExceptionFactory.java:105)
2022-11-04 12:06:38.851 main E/wse: 	at com.mysql.cj.exceptions.ExceptionFactory.createException(ExceptionFactory.java:151)
2022-11-04 12:06:38.851 main E/wse: 	at com.mysql.cj.exceptions.ExceptionFactory.createCommunicationsException(ExceptionFactory.java:167)
2022-11-04 12:06:38.852 main E/wse: 	at com.mysql.cj.protocol.a.NativeSocketConnection.connect(NativeSocketConnection.java:91)
2022-11-04 12:06:38.852 main E/wse: 	at com.mysql.cj.NativeSession.connect(NativeSession.java:144)
2022-11-04 12:06:38.853 main E/wse: 	at com.mysql.cj.jdbc.ConnectionImpl.connectOneTryOnly(ConnectionImpl.java:956)
2022-11-04 12:06:38.853 main E/wse: 	at com.mysql.cj.jdbc.ConnectionImpl.createNewIO(ConnectionImpl.java:826)
2022-11-04 12:06:38.854 main E/wse: 	... 7 more
2022-11-04 12:06:38.854 main E/wse: Caused by: java.net.ConnectException: Connection refused: connect
2022-11-04 12:06:38.855 main E/wse: 	at java.base/java.net.PlainSocketImpl.connect0(Native Method)
2022-11-04 12:06:38.855 main E/wse: 	at java.base/java.net.PlainSocketImpl.socketConnect(PlainSocketImpl.java:101)
2022-11-04 12:06:38.856 main E/wse: 	at java.base/java.net.AbstractPlainSocketImpl.doConnect(AbstractPlainSocketImpl.java:399)
2022-11-04 12:06:38.856 main E/wse: 	at java.base/java.net.AbstractPlainSocketImpl.connectToAddress(AbstractPlainSocketImpl.java:242)
2022-11-04 12:06:38.857 main E/wse: 	at java.base/java.net.AbstractPlainSocketImpl.connect(AbstractPlainSocketImpl.java:224)
2022-11-04 12:06:38.857 main E/wse: 	at java.base/java.net.SocksSocketImpl.connect(SocksSocketImpl.java:403)
2022-11-04 12:06:38.858 main E/wse: 	at java.base/java.net.Socket.connect(Socket.java:591)
2022-11-04 12:06:38.858 main E/wse: 	at com.mysql.cj.protocol.StandardSocketFactory.connect(StandardSocketFactory.java:155)
2022-11-04 12:06:38.859 main E/wse: 	at com.mysql.cj.protocol.a.NativeSocketConnection.connect(NativeSocketConnection.java:65)
2022-11-04 12:06:38.860 main E/wse: 	... 10 more
